<?xml version="1.0" encoding="UTF-8"?>
<Site BuildName="Linux-c++"
	BuildStamp="20210427-0255-Experimental"
	Name="MG"
	Generator="ctest-3.16.3"
	CompilerName="/bin/c++"
	CompilerVersion="9.3.0"
	OSName="Linux"
	Hostname="MG"
	OSRelease="5.8.0-50-generic"
	OSVersion="#56~20.04.1-Ubuntu SMP Mon Apr 12 21:46:35 UTC 2021"
	OSPlatform="x86_64"
	Is64Bits="1"
	VendorString="GenuineIntel"
	VendorID="Intel Corporation"
	FamilyID="6"
	ModelID="61"
	ProcessorCacheSize="4096"
	NumberOfLogicalCPU="4"
	NumberOfPhysicalCPU="2"
	TotalVirtualMemory="678"
	TotalPhysicalMemory="7834"
	LogicalProcessorsPerPhysical="2"
	ProcessorClockFrequency="3092.31"
	>
	<Testing>
		<StartDateTime>Apr 27 09:55 +07</StartDateTime>
		<StartTestTime>1619492136</StartTestTime>
		<TestList/>
		<EndDateTime>Apr 27 09:55 +07</EndDateTime>
		<EndTestTime>1619492136</EndTestTime>
		<ElapsedMinutes>0</ElapsedMinutes>
	</Testing>
</Site>
